<?xml version="1.0" encoding="UTF-8"?>
<!-- Generated by org.testng.reporters.JUnitReportReporter -->
<testsuite hostname="PC4070" failures="0" tests="2" name="UserProfile_Testcase.UserProfileTest" time="30.573" errors="0" timestamp="2023-02-20T15:19:54 IST" skipped="0">
  <testcase classname="UserProfile_Testcase.UserProfileTest" name="verifyUserProfile" time="15.347"/>
  <system-out/>
  <testcase classname="UserProfile_Testcase.UserProfileTest" name="verifyUserProfile" time="15.226"/>
  <system-out/>
</testsuite> <!-- UserProfile_Testcase.UserProfileTest -->
