<?xml version="1.0" encoding="UTF-8"?>
<!-- Generated by org.testng.reporters.JUnitReportReporter -->
<testsuite hostname="PC4070" failures="0" tests="1" name="Login_Testcase.LoginTest" time="12.526" errors="0" timestamp="2023-04-27T19:27:29 IST" skipped="0">
  <testcase classname="Login_Testcase.LoginTest" name="VerifyLogin" time="12.526"/>
  <system-out/>
</testsuite> <!-- Login_Testcase.LoginTest -->
