<?xml version="1.0" encoding="UTF-8"?>
<!-- Generated by org.testng.reporters.JUnitReportReporter -->
<testsuite hostname="PC4070" failures="0" tests="2" name="Login_Testcase.LoginTest" time="10.327" errors="0" timestamp="2023-02-20T15:19:54 IST" skipped="0">
  <testcase classname="Login_Testcase.LoginTest" name="VerifyLogin" time="4.421"/>
  <system-out/>
  <testcase classname="Login_Testcase.LoginTest" name="VerifyLogin" time="5.906"/>
  <system-out/>
</testsuite> <!-- Login_Testcase.LoginTest -->
