<?xml version="1.0" encoding="UTF-8"?>
<!-- Generated by org.testng.reporters.JUnitReportReporter -->
<testsuite hostname="PC4070" failures="0" tests="1" name="UserProfile_Testcase.UserProfileTest" time="20.983" errors="0" timestamp="2023-04-27T19:27:29 IST" skipped="0">
  <testcase classname="UserProfile_Testcase.UserProfileTest" name="verifyUserProfile" time="20.983"/>
  <system-out/>
</testsuite> <!-- UserProfile_Testcase.UserProfileTest -->
